2024-05-13 13:54:18.535  INFO 27653 --- [main] c.e.l.LlmAuthenticationApplication       : Starting LlmAuthenticationApplication using Java 17.0.10 on jinshanshandebijibendiannao.local with PID 27653 (/Users/arthur/postgraduate/zhong_Boat/ant-design-vue-pro/target/classes started by arthur in /Users/arthur/postgraduate/zhong_Boat/ant-design-vue-pro)
2024-05-13 13:54:18.539  INFO 27653 --- [main] c.e.l.LlmAuthenticationApplication       : No active profile set, falling back to 1 default profile: "default"
2024-05-13 13:54:19.008  INFO 27653 --- [main] trationDelegate$BeanPostProcessorChecker : Bean 'com.dtflys.forest.springboot.ForestAutoConfiguration' of type [com.dtflys.forest.springboot.ForestAutoConfiguration$$EnhancerBySpringCGLIB$$6fca6c] is not eligible for getting processed by all BeanPostProcessors (for example: not eligible for auto-proxying)
2024-05-13 13:54:19.020  INFO 27653 --- [main] trationDelegate$BeanPostProcessorChecker : Bean 'forestProperties' of type [com.dtflys.forest.config.SpringForestProperties] is not eligible for getting processed by all BeanPostProcessors (for example: not eligible for auto-proxying)
2024-05-13 13:54:19.021  INFO 27653 --- [main] trationDelegate$BeanPostProcessorChecker : Bean 'forestObjectFactory' of type [com.dtflys.forest.reflection.SpringForestObjectFactory] is not eligible for getting processed by all BeanPostProcessors (for example: not eligible for auto-proxying)
2024-05-13 13:54:19.022  INFO 27653 --- [main] trationDelegate$BeanPostProcessorChecker : Bean 'forestInterceptorFactory' of type [com.dtflys.forest.interceptor.SpringInterceptorFactory] is not eligible for getting processed by all BeanPostProcessors (for example: not eligible for auto-proxying)
2024-05-13 13:54:19.030  INFO 27653 --- [main] trationDelegate$BeanPostProcessorChecker : Bean 'forest-com.dtflys.forest.springboot.properties.ForestConfigurationProperties' of type [com.dtflys.forest.springboot.properties.ForestConfigurationProperties] is not eligible for getting processed by all BeanPostProcessors (for example: not eligible for auto-proxying)
2024-05-13 13:54:19.047  INFO 27653 --- [main] trationDelegate$BeanPostProcessorChecker : Bean 'forestConfiguration' of type [com.dtflys.forest.config.ForestConfiguration] is not eligible for getting processed by all BeanPostProcessors (for example: not eligible for auto-proxying)
2024-05-13 13:54:19.050  INFO 27653 --- [main] trationDelegate$BeanPostProcessorChecker : Bean 'forestConverterBeanListener' of type [com.dtflys.forest.spring.ConverterBeanListener] is not eligible for getting processed by all BeanPostProcessors (for example: not eligible for auto-proxying)
2024-05-13 13:54:19.160  INFO 27653 --- [main] o.s.b.w.embedded.tomcat.TomcatWebServer  : Tomcat initialized with port(s): 8081 (http)
2024-05-13 13:54:19.164  INFO 27653 --- [main] o.apache.catalina.core.StandardService   : Starting service [Tomcat]
2024-05-13 13:54:19.165  INFO 27653 --- [main] org.apache.catalina.core.StandardEngine  : Starting Servlet engine: [Apache Tomcat/9.0.69]
2024-05-13 13:54:19.204  INFO 27653 --- [main] o.a.c.c.C.[Tomcat].[localhost].[/]       : Initializing Spring embedded WebApplicationContext
2024-05-13 13:54:19.204  INFO 27653 --- [main] w.s.c.ServletWebServerApplicationContext : Root WebApplicationContext: initialization completed in 623 ms
2024-05-13 13:54:19.255  INFO 27653 --- [main] c.a.d.s.b.a.DruidDataSourceAutoConfigure : Init DruidDataSource
2024-05-13 13:54:20.183  INFO 27653 --- [main] com.alibaba.druid.pool.DruidDataSource   : {dataSource-1} inited
2024-05-13 13:54:20.251  INFO 27653 --- [main] o.s.b.a.h2.H2ConsoleAutoConfiguration    : H2 console available at '/h2-console'. Database available at 'jdbc:mysql://202.120.84.249:3306/boat?useSSL=false&allowPublicKeyRetrieval=true'
2024-05-13 13:54:20.430  WARN 27653 --- [main] c.b.m.core.metadata.TableInfoHelper      : Can not find table primary key in Class: "com.example.llmauthentication.pojo.JbAbilityKnowledge".
2024-05-13 13:54:20.430  WARN 27653 --- [main] c.b.m.core.injector.DefaultSqlInjector   : class com.example.llmauthentication.pojo.JbAbilityKnowledge ,Not found @TableId annotation, Cannot use Mybatis-Plus 'xxById' Method.
2024-05-13 13:54:20.439  WARN 27653 --- [main] c.b.m.core.metadata.TableInfoHelper      : Can not find table primary key in Class: "com.example.llmauthentication.pojo.JbJob".
2024-05-13 13:54:20.439  WARN 27653 --- [main] c.b.m.core.injector.DefaultSqlInjector   : class com.example.llmauthentication.pojo.JbJob ,Not found @TableId annotation, Cannot use Mybatis-Plus 'xxById' Method.
2024-05-13 13:54:20.453  WARN 27653 --- [main] c.b.m.core.metadata.TableInfoHelper      : Can not find table primary key in Class: "com.example.llmauthentication.pojo.JobJobAbility".
2024-05-13 13:54:20.453  WARN 27653 --- [main] c.b.m.core.injector.DefaultSqlInjector   : class com.example.llmauthentication.pojo.JobJobAbility ,Not found @TableId annotation, Cannot use Mybatis-Plus 'xxById' Method.
2024-05-13 13:54:20.709  INFO 27653 --- [main] o.s.b.a.w.s.WelcomePageHandlerMapping    : Adding welcome page: class path resource [static/index.html]
2024-05-13 13:54:20.901  INFO 27653 --- [main] o.s.b.a.e.web.EndpointLinksResolver      : Exposing 1 endpoint(s) beneath base path '/actuator'
2024-05-13 13:54:20.942  INFO 27653 --- [main] o.s.b.w.embedded.tomcat.TomcatWebServer  : Tomcat started on port(s): 8081 (http) with context path ''
2024-05-13 13:54:20.950  INFO 27653 --- [main] c.e.l.LlmAuthenticationApplication       : Started LlmAuthenticationApplication in 2.584 seconds (JVM running for 2.826)
2024-05-13 13:54:21.401  INFO 27653 --- [RMI TCP Connection(4)-127.0.0.1] o.a.c.c.C.[Tomcat].[localhost].[/]       : Initializing Spring DispatcherServlet 'dispatcherServlet'
2024-05-13 13:54:21.401  INFO 27653 --- [RMI TCP Connection(4)-127.0.0.1] o.s.web.servlet.DispatcherServlet        : Initializing Servlet 'dispatcherServlet'
2024-05-13 13:54:21.403  INFO 27653 --- [RMI TCP Connection(4)-127.0.0.1] o.s.web.servlet.DispatcherServlet        : Completed initialization in 2 ms
2024-05-13 13:54:56.193  INFO 27653 --- [SpringApplicationShutdownHook] com.alibaba.druid.pool.DruidDataSource   : {dataSource-1} closing ...
2024-05-13 13:54:56.200  INFO 27653 --- [SpringApplicationShutdownHook] com.alibaba.druid.pool.DruidDataSource   : {dataSource-1} closed
